<?xml version="1.0" encoding="UTF-8"?>
<testsuite name="com.crystalpdf.backend.CrystalPdfApplicationTests" tests="1" skipped="0" failures="0" errors="0" timestamp="2026-03-26T10:05:51" hostname="OMRI" time="1.703">
  <properties/>
  <testcase name="contextLoads()" classname="com.crystalpdf.backend.CrystalPdfApplicationTests" time="1.703"/>
  <system-out><![CDATA[Standard Commons Logging discovery in action with spring-jcl: please remove commons-logging.jar from classpath in order to avoid potential conflicts
12:05:47.500 [Test worker] INFO org.springframework.test.context.support.AnnotationConfigContextLoaderUtils -- Could not detect default configuration classes for test class [com.crystalpdf.backend.CrystalPdfApplicationTests]: CrystalPdfApplicationTests does not declare any static, non-private, non-final, nested classes annotated with @Configuration.
12:05:47.720 [Test worker] INFO org.springframework.boot.test.context.SpringBootTestContextBootstrapper -- Found @SpringBootConfiguration com.crystalpdf.backend.CrystalPdfApplication for test class com.crystalpdf.backend.CrystalPdfApplicationTests

  .   ____          _            __ _ _
 /\\ / ___'_ __ _ _(_)_ __  __ _ \ \ \ \
( ( )\___ | '_ | '_| | '_ \/ _` | \ \ \ \
 \\/  ___)| |_)| | | | | || (_| |  ) ) ) )
  '  |____| .__|_| |_|_| |_\__, | / / / /
 =========|_|==============|___/=/_/_/_/
 :: Spring Boot ::                (v3.2.5)

2026-03-26T12:05:48.700+02:00  INFO 4480 --- [crystalpdf-backend] [    Test worker] c.c.backend.CrystalPdfApplicationTests   : Starting CrystalPdfApplicationTests using Java 17.0.18 with PID 4480 (started by omrio in C:\Users\omrio\Desktop\Projects\crystalpdf\Crystal-PDF\backend)
2026-03-26T12:05:48.704+02:00  INFO 4480 --- [crystalpdf-backend] [    Test worker] c.c.backend.CrystalPdfApplicationTests   : No active profile set, falling back to 1 default profile: "default"
2026-03-26T12:05:50.626+02:00  WARN 4480 --- [crystalpdf-backend] [    Test worker] .s.s.UserDetailsServiceAutoConfiguration : 

Using generated security password: a53e9ee5-6d5d-4e1e-8c9c-bc364bf9f2b5

This generated password is for development use only. Your security configuration must be updated before running your application in production.

2026-03-26T12:05:51.282+02:00  INFO 4480 --- [crystalpdf-backend] [    Test worker] o.s.s.web.DefaultSecurityFilterChain     : Will secure any request with [org.springframework.security.web.session.DisableEncodeUrlFilter@25ffd826, org.springframework.security.web.context.request.async.WebAsyncManagerIntegrationFilter@29896529, org.springframework.security.web.context.SecurityContextHolderFilter@3a00b15d, org.springframework.security.web.header.HeaderWriterFilter@1e225820, org.springframework.web.filter.CorsFilter@e29f4f6, org.springframework.security.web.authentication.logout.LogoutFilter@3d88e6b9, org.springframework.security.web.savedrequest.RequestCacheAwareFilter@4be0a27d, org.springframework.security.web.servletapi.SecurityContextHolderAwareRequestFilter@5f366587, org.springframework.security.web.authentication.AnonymousAuthenticationFilter@41b64020, org.springframework.security.web.access.ExceptionTranslationFilter@1e3ff233, org.springframework.security.web.access.intercept.AuthorizationFilter@6a15b73]
2026-03-26T12:05:51.931+02:00  INFO 4480 --- [crystalpdf-backend] [    Test worker] c.c.backend.CrystalPdfApplicationTests   : Started CrystalPdfApplicationTests in 3.792 seconds (process running for 6.531)
]]></system-out>
  <system-err><![CDATA[]]></system-err>
</testsuite>
